<?xml version="1.0" encoding="UTF-8"?>
<!-- Generated by org.testng.reporters.JUnitXMLReporter -->
<testsuite hostname="PC-20180417ZXVG" ignored="0" name="登录测试" tests="4" failures="0" timestamp="03 八月 2018 12:11:42 GMT" time="14.419" errors="0">
  <testcase name="test1" time="0.004" classname="com.xdl.cases.TestUserController"/>
  <testcase name="loginTrueTest" time="1.171" classname="com.xdl.cases.TestUserController"/>
  <testcase name="loginFalseTest" time="0.016" classname="com.xdl.cases.TestUserController"/>
  <testcase name="addUserTest" time="0.246" classname="com.xdl.cases.TestUserController"/>
</testsuite> <!-- 登录测试 -->
