<?xml version="1.0" encoding="UTF-8"?>
<!-- Generated by org.testng.reporters.JUnitXMLReporter -->
<testsuite hostname="PC-20180417ZXVG" ignored="2" name="Default test" tests="2" failures="0" timestamp="03 八月 2018 12:08:16 GMT" time="10.808" errors="0">
  <testcase name="loginTrueTest" time="0.844" classname="com.xdl.cases.TestUserController"/>
  <testcase name="addUserTest" time="0.255" classname="com.xdl.cases.TestUserController"/>
  <testcase name="loginFalseTest" time="0.0" classname="com.xdl.cases.TestUserController">
    <ignored/>
  </testcase> <!-- loginFalseTest -->
  <testcase name="test1" time="0.0" classname="com.xdl.cases.TestUserController">
    <ignored/>
  </testcase> <!-- test1 -->
</testsuite> <!-- Default test -->
