<?xml version="1.0" encoding="UTF-8" ?>
<testsuite tests="4" failures="0" name="TestSuite" time="17.494" errors="0" skipped="0">
  <properties>
[...]
</properties>
  <testcase classname="com.xdl.cases.TestUserController" name="test1" time="0.003"/>
  <testcase classname="com.xdl.cases.TestUserController" name="loginTrueTest" time="1.171"/>
  <testcase classname="com.xdl.cases.TestUserController" name="loginFalseTest" time="0.016"/>
  <testcase classname="com.xdl.cases.TestUserController" name="addUserTest" time="0.246"/>
</testsuite>