<?xml version="1.0" encoding="UTF-8"?>
<testng-results skipped="0" failed="0" ignored="2" total="4" passed="2">
  <reporter-output>
  </reporter-output>
  <suite name="Default suite" duration-ms="10808" started-at="2018-08-03T12:08:05Z" finished-at="2018-08-03T12:08:16Z">
    <groups>
    </groups>
    <test name="Default test" duration-ms="10808" started-at="2018-08-03T12:08:05Z" finished-at="2018-08-03T12:08:16Z">
      <class name="com.xdl.cases.TestUserController">
        <test-method status="PASS" signature="springTestContextBeforeTestClass()[pri:0, instance:com.xdl.cases.TestUserController@5656be13]" name="springTestContextBeforeTestClass" is-config="true" duration-ms="15" started-at="2018-08-03T20:08:05Z" finished-at="2018-08-03T20:08:05Z">
          <reporter-output>
          </reporter-output>
        </test-method> <!-- springTestContextBeforeTestClass -->
        <test-method status="PASS" signature="springTestContextPrepareTestInstance()[pri:0, instance:com.xdl.cases.TestUserController@5656be13]" name="springTestContextPrepareTestInstance" is-config="true" duration-ms="9629" started-at="2018-08-03T20:08:05Z" depends-on-methods="org.springframework.test.context.testng.AbstractTestNGSpringContextTests.springTestContextBeforeTestClass" finished-at="2018-08-03T20:08:15Z">
          <reporter-output>
          </reporter-output>
        </test-method> <!-- springTestContextPrepareTestInstance -->
        <test-method status="PASS" signature="springTestContextBeforeTestMethod(java.lang.reflect.Method)[pri:0, instance:com.xdl.cases.TestUserController@5656be13]" name="springTestContextBeforeTestMethod" is-config="true" duration-ms="2" started-at="2018-08-03T20:08:15Z" finished-at="2018-08-03T20:08:15Z">
          <params>
            <param index="0">
              <value>
                <![CDATA[public void com.xdl.cases.TestUserController.loginTrueTest() throws java.lang.Exception]]>
              </value>
            </param>
          </params>
          <reporter-output>
          </reporter-output>
        </test-method> <!-- springTestContextBeforeTestMethod -->
        <test-method status="PASS" signature="loginTrueTest()[pri:0, instance:com.xdl.cases.TestUserController@5656be13]" name="loginTrueTest" duration-ms="844" started-at="2018-08-03T20:08:15Z" finished-at="2018-08-03T20:08:16Z">
          <reporter-output>
          </reporter-output>
        </test-method> <!-- loginTrueTest -->
        <test-method status="PASS" signature="springTestContextAfterTestMethod(java.lang.reflect.Method)[pri:0, instance:com.xdl.cases.TestUserController@5656be13]" name="springTestContextAfterTestMethod" is-config="true" duration-ms="0" started-at="2018-08-03T20:08:16Z" finished-at="2018-08-03T20:08:16Z">
          <params>
            <param index="0">
              <value>
                <![CDATA[public void com.xdl.cases.TestUserController.loginTrueTest() throws java.lang.Exception]]>
              </value>
            </param>
          </params>
          <reporter-output>
          </reporter-output>
        </test-method> <!-- springTestContextAfterTestMethod -->
        <test-method status="PASS" signature="springTestContextBeforeTestMethod(java.lang.reflect.Method)[pri:0, instance:com.xdl.cases.TestUserController@5656be13]" name="springTestContextBeforeTestMethod" is-config="true" duration-ms="1" started-at="2018-08-03T20:08:16Z" finished-at="2018-08-03T20:08:16Z">
          <params>
            <param index="0">
              <value>
                <![CDATA[public void com.xdl.cases.TestUserController.addUserTest() throws java.lang.Exception]]>
              </value>
            </param>
          </params>
          <reporter-output>
          </reporter-output>
        </test-method> <!-- springTestContextBeforeTestMethod -->
        <test-method status="PASS" signature="addUserTest()[pri:0, instance:com.xdl.cases.TestUserController@5656be13]" name="addUserTest" duration-ms="255" started-at="2018-08-03T20:08:16Z" depends-on-methods="com.xdl.cases.TestUserController.loginTrueTest" finished-at="2018-08-03T20:08:16Z">
          <reporter-output>
          </reporter-output>
        </test-method> <!-- addUserTest -->
        <test-method status="PASS" signature="springTestContextAfterTestMethod(java.lang.reflect.Method)[pri:0, instance:com.xdl.cases.TestUserController@5656be13]" name="springTestContextAfterTestMethod" is-config="true" duration-ms="0" started-at="2018-08-03T20:08:16Z" finished-at="2018-08-03T20:08:16Z">
          <params>
            <param index="0">
              <value>
                <![CDATA[public void com.xdl.cases.TestUserController.addUserTest() throws java.lang.Exception]]>
              </value>
            </param>
          </params>
          <reporter-output>
          </reporter-output>
        </test-method> <!-- springTestContextAfterTestMethod -->
        <test-method status="PASS" signature="springTestContextAfterTestClass()[pri:0, instance:com.xdl.cases.TestUserController@5656be13]" name="springTestContextAfterTestClass" is-config="true" duration-ms="0" started-at="2018-08-03T20:08:16Z" finished-at="2018-08-03T20:08:16Z">
          <reporter-output>
          </reporter-output>
        </test-method> <!-- springTestContextAfterTestClass -->
      </class> <!-- com.xdl.cases.TestUserController -->
    </test> <!-- Default test -->
  </suite> <!-- Default suite -->
</testng-results>
