<?xml version="1.0" encoding="UTF-8"?>
<!-- Generated by org.testng.reporters.JUnitXMLReporter -->
<testsuite hostname="PC-20180417ZXVG" ignored="1" name="登录测试" tests="3" failures="0" timestamp="03 八月 2018 11:41:14 GMT" time="10.45" errors="0">
  <testcase name="test1" time="0.011" classname="com.xdl.cases.TestUserController"/>
  <testcase name="loginTrueTest" time="1.037" classname="com.xdl.cases.TestUserController"/>
  <testcase name="loginFalseTest" time="0.017" classname="com.xdl.cases.TestUserController"/>
  <testcase name="addUserTest" time="0.0" classname="com.xdl.cases.TestUserController">
    <ignored/>
  </testcase> <!-- addUserTest -->
</testsuite> <!-- 登录测试 -->
